<?xml version="1.0" encoding="UTF-8"?>
<!-- Generated by org.testng.reporters.JUnitReportReporter -->
<testsuite hostname="Syed" failures="0" tests="1" name="validationcode.VerifyWordpressLogin" time="17.869" errors="0" timestamp="18 Mar 2020 21:14:39 GMT" skipped="0">
  <testcase classname="validationcode.VerifyWordpressLogin" name="VerifyValidLogin" time="17.869"/>
</testsuite> <!-- validationcode.VerifyWordpressLogin -->
