<?xml version="1.0" encoding="UTF-8"?>
<!-- Generated by org.testng.reporters.JUnitReportReporter -->
<testsuite hostname="Syed" failures="0" tests="1" name="test.Day1" time="0.035" errors="0" timestamp="16 Mar 2020 20:03:39 GMT" skipped="0">
  <testcase classname="test.Day1" name="Demo" time="0.035"/>
</testsuite> <!-- test.Day1 -->
