<?xml version="1.0" encoding="UTF-8"?>
<!-- Generated by org.testng.reporters.JUnitReportReporter -->
<testsuite hostname="Syed" failures="0" tests="1" name="test.Day2" time="0.007" errors="0" timestamp="12 Mar 2020 05:43:26 GMT" skipped="0">
  <testcase classname="test.Day2" name="ploan" time="0.007"/>
</testsuite> <!-- test.Day2 -->
