<?xml version="1.0" encoding="UTF-8"?>
<!-- Generated by org.testng.reporters.JUnitReportReporter -->
<testsuite hostname="Syed" failures="0" tests="2" name="test.Day3" time="0.012" errors="0" timestamp="16 Mar 2020 20:03:39 GMT" skipped="0">
  <testcase classname="test.Day3" name="WebloginCarloan" time="0.006"/>
  <testcase classname="test.Day3" name="LoginAPICarloan" time="0.006"/>
</testsuite> <!-- test.Day3 -->
