<?xml version="1.0" encoding="UTF-8"?>
<!-- Generated by org.testng.reporters.JUnitReportReporter -->
<testsuite hostname="Syed" failures="0" tests="1" name="exceptions.StaleExceptionEx02" time="61.970" errors="0" timestamp="17 Mar 2020 08:33:18 GMT" skipped="0">
  <testcase classname="exceptions.StaleExceptionEx02" name="Crm" time="61.970"/>
</testsuite> <!-- exceptions.StaleExceptionEx02 -->
